Using pre-set license
Built from '2020.3/staging' branch; Version is '2020.3.3f1 (76626098c1c4) revision 7758432'; Using compiler version '192528614'; Build Type 'Release'
OS: 'Windows 10 Home; OS build 19042.985; Version 2009; 64bit' Language: 'nl' Physical Memory: 8029 MB
BatchMode: 1, IsHumanControllingUs: 0, StartBugReporterOnCrash: 0, Is64bit: 1, IsPro: 0

 COMMAND LINE ARGUMENTS:
C:\Program Files\2020.3.3f1\Editor\Unity.exe
-adb2
-batchMode
-noUpm
-name
AssetImportWorker0
-projectPath
C:/UnityGameDev/Lab Project Enemy Spotted
-logFile
Logs/AssetImportWorker0.log
-srvPort
62464
Successfully changed project path to: C:/UnityGameDev/Lab Project Enemy Spotted
C:/UnityGameDev/Lab Project Enemy Spotted
Using Asset Import Pipeline V2.
Refreshing native plugins compatible for Editor in 22.98 ms, found 0 plugins.
Preloading 0 native plugins for Editor in 0.00 ms.
Initialize engine version: 2020.3.3f1 (76626098c1c4)
[Subsystems] Discovering subsystems at path C:/Program Files/2020.3.3f1/Editor/Data/Resources/UnitySubsystems
[Subsystems] Discovering subsystems at path C:/UnityGameDev/Lab Project Enemy Spotted/Assets
GfxDevice: creating device client; threaded=0
Direct3D:
    Version:  Direct3D 11.0 [level 11.1]
    Renderer: NVIDIA GeForce GTX 1650 (ID=0x1f91)
    Vendor:   
    VRAM:     3962 MB
    Driver:   27.21.14.6109
Initialize mono
Mono path[0] = 'C:/Program Files/2020.3.3f1/Editor/Data/Managed'
Mono path[1] = 'C:/Program Files/2020.3.3f1/Editor/Data/MonoBleedingEdge/lib/mono/unityjit'
Mono config path = 'C:/Program Files/2020.3.3f1/Editor/Data/MonoBleedingEdge/etc'
Using monoOptions --debugger-agent=transport=dt_socket,embedding=1,server=y,suspend=n,address=127.0.0.1:56520
Begin MonoManager ReloadAssembly
Registering precompiled unity dll's ...
Register platform support module: C:/Program Files/2020.3.3f1/Editor/Data/PlaybackEngines/WindowsStandaloneSupport/UnityEditor.WindowsStandalone.Extensions.dll
Registered in 0.003434 seconds.
Native extension for WindowsStandalone target not found
Refreshing native plugins compatible for Editor in 21.49 ms, found 0 plugins.
Preloading 0 native plugins for Editor in 0.00 ms.
Invoked RoslynAnalysisRunner static constructor.
RoslynAnalysisRunner will not be running.
RoslynAnalysisRunner has terminated.
Mono: successfully reloaded assembly
- Completed reload, in  4.626 seconds
Platform modules already initialized, skipping
Registering precompiled user dll's ...
Registered in 0.010710 seconds.
Begin MonoManager ReloadAssembly
Native extension for WindowsStandalone target not found
Refreshing native plugins compatible for Editor in 0.19 ms, found 0 plugins.
Preloading 0 native plugins for Editor in 0.00 ms.
Invoked RoslynAnalysisRunner static constructor.
RoslynAnalysisRunner will not be running.
RoslynAnalysisRunner has terminated.
Mono: successfully reloaded assembly
- Completed reload, in  0.882 seconds
Platform modules already initialized, skipping
========================================================================
Worker process is ready to serve import requests
Launched and connected shader compiler UnityShaderCompiler.exe after 0.05 seconds
Refreshing native plugins compatible for Editor in 0.18 ms, found 0 plugins.
Preloading 0 native plugins for Editor in 0.00 ms.
Unloading 1117 Unused Serialized files (Serialized files now loaded: 0)
System memory in use before: 57.1 MB.
System memory in use after: 57.2 MB.

Unloading 10 unused Assets to reduce memory usage. Loaded Objects now: 1559.
Total: 6.799200 ms (FindLiveObjects: 0.668900 ms CreateObjectMapping: 0.317000 ms MarkObjects: 5.561500 ms  DeleteObjects: 0.248300 ms)

========================================================================
Received Import Request.
  path: Assets/Prefabs/Enemy 1.prefab
  artifactKey: Guid(34012cf21fdcce14f98826af929859ec) Importer(815301076,1909f56bfc062723c751e8b465ee728b)
Start importing Assets/Prefabs/Enemy 1.prefab using Guid(34012cf21fdcce14f98826af929859ec) Importer(815301076,1909f56bfc062723c751e8b465ee728b)  -> (artifact id: 'c404d1834c16fc788a3e501b2a110333') in 0.119202 seconds
  Import took 0.121664 seconds .

========================================================================
Received Import Request.
  Time since last request: 0.039888 seconds.
  path: Assets/Prefabs/Enemy 3.prefab
  artifactKey: Guid(694b4d2f62e918644aedda870cd8530b) Importer(815301076,1909f56bfc062723c751e8b465ee728b)
Start importing Assets/Prefabs/Enemy 3.prefab using Guid(694b4d2f62e918644aedda870cd8530b) Importer(815301076,1909f56bfc062723c751e8b465ee728b)  -> (artifact id: 'bc69f75cce67cb47f90b5fa65878f41b') in 0.015108 seconds
  Import took 0.017506 seconds .

========================================================================
Received Import Request.
  Time since last request: 0.015587 seconds.
  path: Assets/Prefabs/Enemy 2.prefab
  artifactKey: Guid(0d965017d78dea44693618fd4568f3bf) Importer(815301076,1909f56bfc062723c751e8b465ee728b)
Start importing Assets/Prefabs/Enemy 2.prefab using Guid(0d965017d78dea44693618fd4568f3bf) Importer(815301076,1909f56bfc062723c751e8b465ee728b)  -> (artifact id: '56051d1e4649367c6e828abe6595b167') in 0.016486 seconds
  Import took 0.019363 seconds .

========================================================================
Received Import Request.
  Time since last request: 3.087838 seconds.
  path: Assets/Prefabs/Enemy 4.prefab
  artifactKey: Guid(0750004cfa5f66b4ca1f186319f46c31) Importer(815301076,1909f56bfc062723c751e8b465ee728b)
Start importing Assets/Prefabs/Enemy 4.prefab using Guid(0750004cfa5f66b4ca1f186319f46c31) Importer(815301076,1909f56bfc062723c751e8b465ee728b)  -> (artifact id: '02c7c62ba613dda3c3979415b7da22f5') in 0.020118 seconds
  Import took 0.022730 seconds .

========================================================================
Received Import Request.
  Time since last request: 0.011966 seconds.
  path: Assets/Prefabs/Enemy 4.prefab
  artifactKey: Guid(0750004cfa5f66b4ca1f186319f46c31) Importer(815301076,1909f56bfc062723c751e8b465ee728b)
Start importing Assets/Prefabs/Enemy 4.prefab using Guid(0750004cfa5f66b4ca1f186319f46c31) Importer(815301076,1909f56bfc062723c751e8b465ee728b)  -> (artifact id: '02c7c62ba613dda3c3979415b7da22f5') in 0.011491 seconds
  Import took 0.015146 seconds .

========================================================================
Received Import Request.
  Time since last request: 2.932754 seconds.
  path: Assets/Prefabs/Powerup.prefab
  artifactKey: Guid(3c116ac7d77ae104f829da0e56f51d6d) Importer(815301076,1909f56bfc062723c751e8b465ee728b)
Start importing Assets/Prefabs/Powerup.prefab using Guid(3c116ac7d77ae104f829da0e56f51d6d) Importer(815301076,1909f56bfc062723c751e8b465ee728b)  -> (artifact id: '8016f18b984277e4b5c1c82b3d52a511') in 0.017032 seconds
  Import took 0.019580 seconds .

========================================================================
Received Import Request.
  Time since last request: 0.012921 seconds.
  path: Assets/Prefabs/Powerup.prefab
  artifactKey: Guid(3c116ac7d77ae104f829da0e56f51d6d) Importer(815301076,1909f56bfc062723c751e8b465ee728b)
Start importing Assets/Prefabs/Powerup.prefab using Guid(3c116ac7d77ae104f829da0e56f51d6d) Importer(815301076,1909f56bfc062723c751e8b465ee728b)  -> (artifact id: '8016f18b984277e4b5c1c82b3d52a511') in 0.011816 seconds
  Import took 0.014214 seconds .

========================================================================
Received Import Request.
  Time since last request: 75.482839 seconds.
  path: Assets/Scripts/PlayerController.cs
  artifactKey: Guid(826827b25010022408f3efb0eb0c91c3) Importer(815301076,1909f56bfc062723c751e8b465ee728b)
Start importing Assets/Scripts/PlayerController.cs using Guid(826827b25010022408f3efb0eb0c91c3) Importer(815301076,1909f56bfc062723c751e8b465ee728b)  -> (artifact id: 'b267ce497857a57a0cd55dddb5b7de81') in 0.022874 seconds
  Import took 0.027115 seconds .

========================================================================
Received Prepare
Registering precompiled user dll's ...
Registered in 0.000845 seconds.
Begin MonoManager ReloadAssembly
Native extension for WindowsStandalone target not found
Refreshing native plugins compatible for Editor in 0.30 ms, found 0 plugins.
Preloading 0 native plugins for Editor in 0.00 ms.
Invoked RoslynAnalysisRunner static constructor.
RoslynAnalysisRunner will not be running.
RoslynAnalysisRunner has terminated.
Mono: successfully reloaded assembly
- Completed reload, in  0.716 seconds
Platform modules already initialized, skipping
Refreshing native plugins compatible for Editor in 0.19 ms, found 0 plugins.
Preloading 0 native plugins for Editor in 0.00 ms.
Unloading 1112 Unused Serialized files (Serialized files now loaded: 0)
System memory in use before: 60.3 MB.
System memory in use after: 60.4 MB.

Unloading 5 unused Assets to reduce memory usage. Loaded Objects now: 1572.
Total: 1.692900 ms (FindLiveObjects: 0.184500 ms CreateObjectMapping: 0.090300 ms MarkObjects: 1.362800 ms  DeleteObjects: 0.054100 ms)

========================================================================
Received Import Request.
  Time since last request: 32.102383 seconds.
  path: Assets/Scripts/PlayerController.cs
  artifactKey: Guid(826827b25010022408f3efb0eb0c91c3) Importer(815301076,1909f56bfc062723c751e8b465ee728b)
Start importing Assets/Scripts/PlayerController.cs using Guid(826827b25010022408f3efb0eb0c91c3) Importer(815301076,1909f56bfc062723c751e8b465ee728b)  -> (artifact id: '6d87d7bb34702c864c8275b3ebe64f07') in 0.004253 seconds
  Import took 0.007007 seconds .

========================================================================
Received Prepare
Registering precompiled user dll's ...
Registered in 0.000633 seconds.
Begin MonoManager ReloadAssembly
Native extension for WindowsStandalone target not found
Refreshing native plugins compatible for Editor in 0.19 ms, found 0 plugins.
Preloading 0 native plugins for Editor in 0.00 ms.
Invoked RoslynAnalysisRunner static constructor.
RoslynAnalysisRunner will not be running.
RoslynAnalysisRunner has terminated.
Mono: successfully reloaded assembly
- Completed reload, in  0.725 seconds
Platform modules already initialized, skipping
Refreshing native plugins compatible for Editor in 0.19 ms, found 0 plugins.
Preloading 0 native plugins for Editor in 0.00 ms.
Unloading 1112 Unused Serialized files (Serialized files now loaded: 0)
System memory in use before: 60.3 MB.
System memory in use after: 60.4 MB.

Unloading 5 unused Assets to reduce memory usage. Loaded Objects now: 1575.
Total: 1.607500 ms (FindLiveObjects: 0.130300 ms CreateObjectMapping: 0.035100 ms MarkObjects: 1.395500 ms  DeleteObjects: 0.045600 ms)

========================================================================
Received Import Request.
  Time since last request: 13.684391 seconds.
  path: Assets/Scripts/PlayerController.cs
  artifactKey: Guid(826827b25010022408f3efb0eb0c91c3) Importer(815301076,1909f56bfc062723c751e8b465ee728b)
Start importing Assets/Scripts/PlayerController.cs using Guid(826827b25010022408f3efb0eb0c91c3) Importer(815301076,1909f56bfc062723c751e8b465ee728b)  -> (artifact id: 'bf06da4c438989c257dca1ea51dfc1c0') in 0.004180 seconds
  Import took 0.006560 seconds .

========================================================================
Received Import Request.
  Time since last request: 1.032652 seconds.
  path: Assets/Scripts/PlayerController.cs
  artifactKey: Guid(826827b25010022408f3efb0eb0c91c3) Importer(815301076,1909f56bfc062723c751e8b465ee728b)
Start importing Assets/Scripts/PlayerController.cs using Guid(826827b25010022408f3efb0eb0c91c3) Importer(815301076,1909f56bfc062723c751e8b465ee728b)  -> (artifact id: 'bf06da4c438989c257dca1ea51dfc1c0') in 0.010112 seconds
  Import took 0.011993 seconds .

========================================================================
Received Prepare
Registering precompiled user dll's ...
Registered in 0.000574 seconds.
Begin MonoManager ReloadAssembly
Native extension for WindowsStandalone target not found
Refreshing native plugins compatible for Editor in 0.18 ms, found 0 plugins.
Preloading 0 native plugins for Editor in 0.00 ms.
Invoked RoslynAnalysisRunner static constructor.
RoslynAnalysisRunner will not be running.
RoslynAnalysisRunner has terminated.
Mono: successfully reloaded assembly
- Completed reload, in  0.765 seconds
Platform modules already initialized, skipping
Refreshing native plugins compatible for Editor in 0.30 ms, found 0 plugins.
Preloading 0 native plugins for Editor in 0.00 ms.
Unloading 1112 Unused Serialized files (Serialized files now loaded: 0)
System memory in use before: 60.3 MB.
System memory in use after: 60.4 MB.

Unloading 5 unused Assets to reduce memory usage. Loaded Objects now: 1578.
Total: 1.951900 ms (FindLiveObjects: 0.178500 ms CreateObjectMapping: 0.049500 ms MarkObjects: 1.668400 ms  DeleteObjects: 0.054400 ms)

========================================================================
Received Import Request.
  Time since last request: 69.614360 seconds.
  path: Assets/Prefabs/Enemy 1.prefab
  artifactKey: Guid(34012cf21fdcce14f98826af929859ec) Importer(815301076,1909f56bfc062723c751e8b465ee728b)
Start importing Assets/Prefabs/Enemy 1.prefab using Guid(34012cf21fdcce14f98826af929859ec) Importer(815301076,1909f56bfc062723c751e8b465ee728b)  -> (artifact id: '33a431763f402bfbe8b24211b3f01253') in 0.053381 seconds
  Import took 0.056662 seconds .

========================================================================
Received Import Request.
  Time since last request: 19.581783 seconds.
  path: Assets/Prefabs/Enemy 1.prefab
  artifactKey: Guid(34012cf21fdcce14f98826af929859ec) Importer(815301076,1909f56bfc062723c751e8b465ee728b)
Start importing Assets/Prefabs/Enemy 1.prefab using Guid(34012cf21fdcce14f98826af929859ec) Importer(815301076,1909f56bfc062723c751e8b465ee728b)  -> (artifact id: 'cff022c47518ebf8a47e5233bc1ce6e2') in 0.011311 seconds
  Import took 0.014023 seconds .

========================================================================
Received Import Request.
  Time since last request: 0.015247 seconds.
  path: Assets/Prefabs/Enemy 1.prefab
  artifactKey: Guid(34012cf21fdcce14f98826af929859ec) Importer(815301076,1909f56bfc062723c751e8b465ee728b)
Start importing Assets/Prefabs/Enemy 1.prefab using Guid(34012cf21fdcce14f98826af929859ec) Importer(815301076,1909f56bfc062723c751e8b465ee728b)  -> (artifact id: 'cff022c47518ebf8a47e5233bc1ce6e2') in 0.013439 seconds
  Import took 0.016191 seconds .

========================================================================
Received Import Request.
  Time since last request: 7.281266 seconds.
  path: Assets/Prefabs/Enemy 2.prefab
  artifactKey: Guid(0d965017d78dea44693618fd4568f3bf) Importer(815301076,1909f56bfc062723c751e8b465ee728b)
Start importing Assets/Prefabs/Enemy 2.prefab using Guid(0d965017d78dea44693618fd4568f3bf) Importer(815301076,1909f56bfc062723c751e8b465ee728b)  -> (artifact id: '5b4b10dcb18fe5abf08e7383de82f5e4') in 0.012974 seconds
  Import took 0.015856 seconds .

========================================================================
Received Import Request.
  Time since last request: 2.854637 seconds.
  path: Assets/Prefabs/Enemy 3.prefab
  artifactKey: Guid(694b4d2f62e918644aedda870cd8530b) Importer(815301076,1909f56bfc062723c751e8b465ee728b)
Start importing Assets/Prefabs/Enemy 3.prefab using Guid(694b4d2f62e918644aedda870cd8530b) Importer(815301076,1909f56bfc062723c751e8b465ee728b)  -> (artifact id: '16637de351a338d8d147061d6c31ef51') in 0.013762 seconds
  Import took 0.016741 seconds .

========================================================================
Received Import Request.
  Time since last request: 3.925733 seconds.
  path: Assets/Prefabs/Enemy 4.prefab
  artifactKey: Guid(0750004cfa5f66b4ca1f186319f46c31) Importer(815301076,1909f56bfc062723c751e8b465ee728b)
Start importing Assets/Prefabs/Enemy 4.prefab using Guid(0750004cfa5f66b4ca1f186319f46c31) Importer(815301076,1909f56bfc062723c751e8b465ee728b)  -> (artifact id: '11ede5729ca37ad11789f037c2f2a256') in 0.013695 seconds
  Import took 0.016125 seconds .

========================================================================
Received Import Request.
  Time since last request: 0.009122 seconds.
  path: Assets/Prefabs/Enemy 4.prefab
  artifactKey: Guid(0750004cfa5f66b4ca1f186319f46c31) Importer(815301076,1909f56bfc062723c751e8b465ee728b)
Start importing Assets/Prefabs/Enemy 4.prefab using Guid(0750004cfa5f66b4ca1f186319f46c31) Importer(815301076,1909f56bfc062723c751e8b465ee728b)  -> (artifact id: '11ede5729ca37ad11789f037c2f2a256') in 0.012987 seconds
  Import took 0.015165 seconds .

========================================================================
Received Import Request.
  Time since last request: 77.655521 seconds.
  path: Assets/Scripts/SpawnManager.cs
  artifactKey: Guid(30800b93354f7c3439f3ae0ef9874a15) Importer(815301076,1909f56bfc062723c751e8b465ee728b)
Start importing Assets/Scripts/SpawnManager.cs using Guid(30800b93354f7c3439f3ae0ef9874a15) Importer(815301076,1909f56bfc062723c751e8b465ee728b)  -> (artifact id: '697a65d4d2483018128df2618e94cfcf') in 0.008663 seconds
  Import took 0.012823 seconds .

========================================================================
Received Prepare
Registering precompiled user dll's ...
Registered in 0.000617 seconds.
Begin MonoManager ReloadAssembly
Native extension for WindowsStandalone target not found
Refreshing native plugins compatible for Editor in 0.22 ms, found 0 plugins.
Preloading 0 native plugins for Editor in 0.00 ms.
Invoked RoslynAnalysisRunner static constructor.
RoslynAnalysisRunner will not be running.
RoslynAnalysisRunner has terminated.
Mono: successfully reloaded assembly
- Completed reload, in  0.843 seconds
Platform modules already initialized, skipping
Refreshing native plugins compatible for Editor in 0.22 ms, found 0 plugins.
Preloading 0 native plugins for Editor in 0.00 ms.
Unloading 1113 Unused Serialized files (Serialized files now loaded: 0)
System memory in use before: 60.4 MB.
System memory in use after: 60.4 MB.

Unloading 5 unused Assets to reduce memory usage. Loaded Objects now: 1583.
Total: 3.240300 ms (FindLiveObjects: 0.197300 ms CreateObjectMapping: 0.152700 ms MarkObjects: 2.817200 ms  DeleteObjects: 0.070100 ms)

AssetImportWorkerClient::OnTransportError - code=2 error=End of file
